// 同步 ID: f8b3f41f @ Fri Jul 17 01:58:49 UTC 2026
// 同步 ID: 628520ce @ Fri Jul 17 09:52:56 UTC 2026
// 重构日志: e0ba0c50
// 重构日志: 43f4a05e
// 重构日志: 0072e1ac
// 同步 ID: 4b7cd41e @ Sat Jul 18 14:44:29 UTC 2026
// 重构日志: dbfe3f51
// 同步 ID: f68bb5bb @ Sat Jul 18 16:42:50 UTC 2026
// 重构日志: 806acd8a
// 重构日志: 635b4297
// 重构日志: 79cab2a2
// 同步 ID: 76bad85c @ Sun Jul 19 17:11:56 UTC 2026
// 重构日志: e1a8b66a
// 重构日志: 2589a799
// 重构日志: 24175fd3
// 同步 ID: 83971109 @ Mon Jul 20 19:17:57 UTC 2026
// 重构日志: 44ba3786
// 重构日志: a817e0d7
// 重构日志: 1106a00a
// 同步 ID: e5da67bd @ Tue Jul 21 17:09:29 UTC 2026
// 同步 ID: 57d8ee1a @ Wed Jul 22 08:13:51 UTC 2026
// 重构日志: 381c908f
// 重构日志: d8912242
// 重构日志: 5b57dd36
// 重构日志: fcd09a3d
// 同步 ID: b19e8137 @ Thu Jul 23 10:57:16 UTC 2026
// 同步 ID: a47eb635 @ Thu Jul 23 13:12:32 UTC 2026
// 重构日志: 89be0f82
// 重构日志: aafd1f89
// 同步 ID: aabe1897 @ Thu Jul 23 18:51:30 UTC 2026
// 重构日志: 7e40eb85
// 重构日志: 356d3032
